# JRE version: Java(TM) SE Runtime Environment (8.0_45-b14) (build 1.8.0_45-b14)
# Java VM: Java HotSpot(TM) 64-Bit Server VM (25.45-b02 mixed mode linux-amd64 compressed oops)
Heap:
 PSYoungGen      total 239616K, used 17110K [0x00000000d5580000, 0x00000000e6100000, 0x0000000100000000)
  eden space 212992K, 8% used [0x00000000d5580000,0x00000000d66359c0,0x00000000e2580000)
  from space 26624K, 0% used [0x00000000e4200000,0x00000000e4200000,0x00000000e5c00000)
  to   space 29184K, 0% used [0x00000000e2580000,0x00000000e2580000,0x00000000e4200000)
 ParOldGen       total 67584K, used 67526K [0x0000000080000000, 0x0000000084200000, 0x00000000d5580000)
  object space 67584K, 99% used [0x0000000080000000,0x00000000841f18d8,0x0000000084200000)
 Metaspace       used 64018K, capacity 67000K, committed 67200K, reserved 1105920K
  class space    used 8871K, capacity 10062K, committed 10112K, reserved 1048576K
GC Heap History (10 events):
Event: 15.828 GC heap after
Heap after GC invocations=12 (full 2):
 PSYoungGen      total 193536K, used 17907K [0x00000000d5580000, 0x00000000e3480000, 0x0000000100000000)
  eden space 175616K, 0% used [0x00000000d5580000,0x00000000d5580000,0x00000000e0100000)
  from space 17920K, 99% used [0x00000000e1800000,0x00000000e297cff0,0x00000000e2980000)
  to   space 23552K, 0% used [0x00000000e0100000,0x00000000e0100000,0x00000000e1800000)
 ParOldGen       total 67584K, used 32875K [0x0000000080000000, 0x0000000084200000, 0x00000000d5580000)
  object space 67584K, 48% used [0x0000000080000000,0x000000008201af98,0x0000000084200000)
 Metaspace       used 46680K, capacity 48340K, committed 48640K, reserved 1091584K
  class space    used 6435K, capacity 7122K, committed 7168K, reserved 1048576K
}
Event: 15.828 GC heap before
{Heap before GC invocations=13 (full 3):
 PSYoungGen      total 193536K, used 17907K [0x00000000d5580000, 0x00000000e3480000, 0x0000000100000000)
  eden space 175616K, 0% used [0x00000000d5580000,0x00000000d5580000,0x00000000e0100000)
  from space 17920K, 99% used [0x00000000e1800000,0x00000000e297cff0,0x00000000e2980000)
  to   space 23552K, 0% used [0x00000000e0100000,0x00000000e0100000,0x00000000e1800000)
 ParOldGen       total 67584K, used 32875K [0x0000000080000000, 0x0000000084200000, 0x00000000d5580000)
  object space 67584K, 48% used [0x0000000080000000,0x000000008201af98,0x0000000084200000)
 Metaspace       used 46680K, capacity 48340K, committed 48640K, reserved 1091584K
  class space    used 6435K, capacity 7122K, committed 7168K, reserved 1048576K
Event: 16.087 GC heap after
Heap after GC invocations=13 (full 3):
 PSYoungGen      total 193536K, used 0K [0x00000000d5580000, 0x00000000e3480000, 0x0000000100000000)
  eden space 175616K, 0% used [0x00000000d5580000,0x00000000d5580000,0x00000000e0100000)
  from space 17920K, 0% used [0x00000000e1800000,0x00000000e1800000,0x00000000e2980000)
  to   space 23552K, 0% used [0x00000000e0100000,0x00000000e0100000,0x00000000e1800000)
 ParOldGen       total 67584K, used 43697K [0x0000000080000000, 0x0000000084200000, 0x00000000d5580000)
  object space 67584K, 64% used [0x0000000080000000,0x0000000082aac4b0,0x0000000084200000)
 Metaspace       used 46680K, capacity 48340K, committed 48640K, reserved 1091584K
  class space    used 6435K, capacity 7122K, committed 7168K, reserved 1048576K
}
Event: 840.367 GC heap before
{Heap before GC invocations=14 (full 3):
 PSYoungGen      total 193536K, used 175616K [0x00000000d5580000, 0x00000000e3480000, 0x0000000100000000)
  eden space 175616K, 100% used [0x00000000d5580000,0x00000000e0100000,0x00000000e0100000)
  from space 17920K, 0% used [0x00000000e1800000,0x00000000e1800000,0x00000000e2980000)
  to   space 23552K, 0% used [0x00000000e0100000,0x00000000e0100000,0x00000000e1800000)
 ParOldGen       total 67584K, used 43697K [0x0000000080000000, 0x0000000084200000, 0x00000000d5580000)
  object space 67584K, 64% used [0x0000000080000000,0x0000000082aac4b0,0x0000000084200000)
 Metaspace       used 53911K, capacity 56134K, committed 56320K, reserved 1097728K
  class space    used 7438K, capacity 8340K, committed 8448K, reserved 1048576K
Event: 840.401 GC heap after
Heap after GC invocations=14 (full 3):
 PSYoungGen      total 199168K, used 21321K [0x00000000d5580000, 0x00000000e5c00000, 0x0000000100000000)
  eden space 175616K, 0% used [0x00000000d5580000,0x00000000d5580000,0x00000000e0100000)
  from space 23552K, 90% used [0x00000000e0100000,0x00000000e15d2788,0x00000000e1800000)
  to   space 26624K, 0% used [0x00000000e4200000,0x00000000e4200000,0x00000000e5c00000)
 ParOldGen       total 67584K, used 43705K [0x0000000080000000, 0x0000000084200000, 0x00000000d5580000)
  object space 67584K, 64% used [0x0000000080000000,0x0000000082aae4b0,0x0000000084200000)
 Metaspace       used 53911K, capacity 56134K, committed 56320K, reserved 1097728K
  class space    used 7438K, capacity 8340K, committed 8448K, reserved 1048576K
}
Event: 846.792 GC heap before
{Heap before GC invocations=15 (full 3):
 PSYoungGen      total 199168K, used 127740K [0x00000000d5580000, 0x00000000e5c00000, 0x0000000100000000)
  eden space 175616K, 60% used [0x00000000d5580000,0x00000000dbd6c8a0,0x00000000e0100000)
  from space 23552K, 90% used [0x00000000e0100000,0x00000000e15d2788,0x00000000e1800000)
  to   space 26624K, 0% used [0x00000000e4200000,0x00000000e4200000,0x00000000e5c00000)
 ParOldGen       total 67584K, used 43705K [0x0000000080000000, 0x0000000084200000, 0x00000000d5580000)
  object space 67584K, 64% used [0x0000000080000000,0x0000000082aae4b0,0x0000000084200000)
 Metaspace       used 55962K, capacity 58316K, committed 58368K, reserved 1099776K
  class space    used 7728K, capacity 8692K, committed 8704K, reserved 1048576K
Event: 846.864 GC heap after
Heap after GC invocations=15 (full 3):
 PSYoungGen      total 239616K, used 23299K [0x00000000d5580000, 0x00000000e6100000, 0x0000000100000000)
  eden space 212992K, 0% used [0x00000000d5580000,0x00000000d5580000,0x00000000e2580000)
  from space 26624K, 87% used [0x00000000e4200000,0x00000000e58c0cd8,0x00000000e5c00000)
  to   space 29184K, 0% used [0x00000000e2580000,0x00000000e2580000,0x00000000e4200000)
 ParOldGen       total 67584K, used 43713K [0x0000000080000000, 0x0000000084200000, 0x00000000d5580000)
  object space 67584K, 64% used [0x0000000080000000,0x0000000082ab04b0,0x0000000084200000)
 Metaspace       used 55962K, capacity 58316K, committed 58368K, reserved 1099776K
  class space    used 7728K, capacity 8692K, committed 8704K, reserved 1048576K
}
Event: 846.868 GC heap before
{Heap before GC invocations=16 (full 4):
 PSYoungGen      total 239616K, used 23299K [0x00000000d5580000, 0x00000000e6100000, 0x0000000100000000)
  eden space 212992K, 0% used [0x00000000d5580000,0x00000000d5580000,0x00000000e2580000)
  from space 26624K, 87% used [0x00000000e4200000,0x00000000e58c0cd8,0x00000000e5c00000)
  to   space 29184K, 0% used [0x00000000e2580000,0x00000000e2580000,0x00000000e4200000)
 ParOldGen       total 67584K, used 43713K [0x0000000080000000, 0x0000000084200000, 0x00000000d5580000)
  object space 67584K, 64% used [0x0000000080000000,0x0000000082ab04b0,0x0000000084200000)
 Metaspace       used 55962K, capacity 58316K, committed 58368K, reserved 1099776K
  class space    used 7728K, capacity 8692K, committed 8704K, reserved 1048576K
Event: 847.203 GC heap after
Heap after GC invocations=16 (full 4):
 PSYoungGen      total 239616K, used 0K [0x00000000d5580000, 0x00000000e6100000, 0x0000000100000000)
  eden space 212992K, 0% used [0x00000000d5580000,0x00000000d5580000,0x00000000e2580000)
  from space 26624K, 0% used [0x00000000e4200000,0x00000000e4200000,0x00000000e5c00000)
  to   space 29184K, 0% used [0x00000000e2580000,0x00000000e2580000,0x00000000e4200000)
 ParOldGen       total 67584K, used 64692K [0x0000000080000000, 0x0000000084200000, 0x00000000d5580000)
  object space 67584K, 95% used [0x0000000080000000,0x0000000083f2d148,0x0000000084200000)
 Metaspace       used 55962K, capacity 58316K, committed 58368K, reserved 1099776K
  class space    used 7728K, capacity 8692K, committed 8704K, reserved 1048576K
}
Event: 1122.798 GC heap before
{Heap before GC invocations=17 (full 5):
 PSYoungGen      total 239616K, used 212992K [0x00000000d5580000, 0x00000000e6100000, 0x0000000100000000)
  eden space 212992K, 100% used [0x00000000d5580000,0x00000000e2580000,0x00000000e2580000)
  from space 26624K, 0% used [0x00000000e4200000,0x00000000e4200000,0x00000000e5c00000)
  to   space 29184K, 0% used [0x00000000e2580000,0x00000000e2580000,0x00000000e4200000)
 ParOldGen       total 67584K, used 64692K [0x0000000080000000, 0x0000000084200000, 0x00000000d5580000)
  object space 67584K, 95% used [0x0000000080000000,0x0000000083f2d148,0x0000000084200000)
 Metaspace       used 64018K, capacity 67000K, committed 67200K, reserved 1105920K
  class space    used 8871K, capacity 10062K, committed 10112K, reserved 1048576K

