# JRE version: Java(TM) SE Runtime Environment (8.0_45-b14) (build 1.8.0_45-b14)
# Java VM: Java HotSpot(TM) 64-Bit Server VM (25.45-b02 mixed mode linux-amd64 compressed oops)
Heap:
 PSYoungGen      total 335872K, used 66833K [0x00000000d5580000, 0x00000000ef680000, 0x0000000100000000)
  eden space 264704K, 25% used [0x00000000d5580000,0x00000000d96c4688,0x00000000e5800000)
  from space 71168K, 0% used [0x00000000ea400000,0x00000000ea400000,0x00000000ee980000)
  to   space 77824K, 0% used [0x00000000e5800000,0x00000000e5800000,0x00000000ea400000)
 ParOldGen       total 133120K, used 133087K [0x0000000080000000, 0x0000000088200000, 0x00000000d5580000)
  object space 133120K, 99% used [0x0000000080000000,0x00000000881f7cd0,0x0000000088200000)
 Metaspace       used 117229K, capacity 124180K, committed 124544K, reserved 1155072K
  class space    used 16629K, capacity 19473K, committed 19584K, reserved 1048576K
GC Heap History (10 events):
Event: 432.657 GC heap after
Heap after GC invocations=25 (full 6):
 PSYoungGen      total 287744K, used 31318K [0x00000000d5580000, 0x00000000ecb00000, 0x0000000100000000)
  eden space 229888K, 0% used [0x00000000d5580000,0x00000000d5580000,0x00000000e3600000)
  from space 57856K, 54% used [0x00000000e3600000,0x00000000e5495b90,0x00000000e6e80000)
  to   space 57344K, 0% used [0x00000000e9300000,0x00000000e9300000,0x00000000ecb00000)
 ParOldGen       total 133120K, used 117189K [0x0000000080000000, 0x0000000088200000, 0x00000000d5580000)
  object space 133120K, 88% used [0x0000000080000000,0x00000000872716f0,0x0000000088200000)
 Metaspace       used 90278K, capacity 95122K, committed 95360K, reserved 1130496K
  class space    used 12658K, capacity 14694K, committed 14720K, reserved 1048576K
}
Event: 482.041 GC heap before
{Heap before GC invocations=26 (full 6):
 PSYoungGen      total 287744K, used 261206K [0x00000000d5580000, 0x00000000ecb00000, 0x0000000100000000)
  eden space 229888K, 100% used [0x00000000d5580000,0x00000000e3600000,0x00000000e3600000)
  from space 57856K, 54% used [0x00000000e3600000,0x00000000e5495b90,0x00000000e6e80000)
  to   space 57344K, 0% used [0x00000000e9300000,0x00000000e9300000,0x00000000ecb00000)
 ParOldGen       total 133120K, used 117189K [0x0000000080000000, 0x0000000088200000, 0x00000000d5580000)
  object space 133120K, 88% used [0x0000000080000000,0x00000000872716f0,0x0000000088200000)
 Metaspace       used 98420K, capacity 103846K, committed 103936K, reserved 1136640K
  class space    used 13838K, capacity 16073K, committed 16128K, reserved 1048576K
Event: 482.104 GC heap after
Heap after GC invocations=26 (full 6):
 PSYoungGen      total 300544K, used 43979K [0x00000000d5580000, 0x00000000ec300000, 0x0000000100000000)
  eden space 251392K, 0% used [0x00000000d5580000,0x00000000d5580000,0x00000000e4b00000)
  from space 49152K, 89% used [0x00000000e9300000,0x00000000ebdf2d28,0x00000000ec300000)
  to   space 61440K, 0% used [0x00000000e4b00000,0x00000000e4b00000,0x00000000e8700000)
 ParOldGen       total 133120K, used 117197K [0x0000000080000000, 0x0000000088200000, 0x00000000d5580000)
  object space 133120K, 88% used [0x0000000080000000,0x00000000872736f0,0x0000000088200000)
 Metaspace       used 98420K, capacity 103846K, committed 103936K, reserved 1136640K
  class space    used 13838K, capacity 16073K, committed 16128K, reserved 1048576K
}
Event: 554.116 GC heap before
{Heap before GC invocations=27 (full 6):
 PSYoungGen      total 300544K, used 295371K [0x00000000d5580000, 0x00000000ec300000, 0x0000000100000000)
  eden space 251392K, 100% used [0x00000000d5580000,0x00000000e4b00000,0x00000000e4b00000)
  from space 49152K, 89% used [0x00000000e9300000,0x00000000ebdf2d28,0x00000000ec300000)
  to   space 61440K, 0% used [0x00000000e4b00000,0x00000000e4b00000,0x00000000e8700000)
 ParOldGen       total 133120K, used 117197K [0x0000000080000000, 0x0000000088200000, 0x00000000d5580000)
  object space 133120K, 88% used [0x0000000080000000,0x00000000872736f0,0x0000000088200000)
 Metaspace       used 106998K, capacity 113104K, committed 113408K, reserved 1144832K
  class space    used 15101K, capacity 17606K, committed 17664K, reserved 1048576K
Event: 554.186 GC heap after
Heap after GC invocations=27 (full 6):
 PSYoungGen      total 312832K, used 61425K [0x00000000d5580000, 0x00000000ee980000, 0x0000000100000000)
  eden space 251392K, 0% used [0x00000000d5580000,0x00000000d5580000,0x00000000e4b00000)
  from space 61440K, 99% used [0x00000000e4b00000,0x00000000e86fc5e0,0x00000000e8700000)
  to   space 71168K, 0% used [0x00000000ea400000,0x00000000ea400000,0x00000000ee980000)
 ParOldGen       total 133120K, used 117307K [0x0000000080000000, 0x0000000088200000, 0x00000000d5580000)
  object space 133120K, 88% used [0x0000000080000000,0x000000008728ed30,0x0000000088200000)
 Metaspace       used 106998K, capacity 113104K, committed 113408K, reserved 1144832K
  class space    used 15101K, capacity 17606K, committed 17664K, reserved 1048576K
}
Event: 559.741 GC heap before
{Heap before GC invocations=28 (full 6):
 PSYoungGen      total 312832K, used 153629K [0x00000000d5580000, 0x00000000ee980000, 0x0000000100000000)
  eden space 251392K, 36% used [0x00000000d5580000,0x00000000daf8b108,0x00000000e4b00000)
  from space 61440K, 99% used [0x00000000e4b00000,0x00000000e86fc5e0,0x00000000e8700000)
  to   space 71168K, 0% used [0x00000000ea400000,0x00000000ea400000,0x00000000ee980000)
 ParOldGen       total 133120K, used 117307K [0x0000000080000000, 0x0000000088200000, 0x00000000d5580000)
  object space 133120K, 88% used [0x0000000080000000,0x000000008728ed30,0x0000000088200000)
 Metaspace       used 108775K, capacity 115202K, committed 115328K, reserved 1146880K
  class space    used 15382K, capacity 17959K, committed 18048K, reserved 1048576K
Event: 559.877 GC heap after
Heap after GC invocations=28 (full 6):
 PSYoungGen      total 335872K, used 58301K [0x00000000d5580000, 0x00000000ef680000, 0x0000000100000000)
  eden space 264704K, 0% used [0x00000000d5580000,0x00000000d5580000,0x00000000e5800000)
  from space 71168K, 81% used [0x00000000ea400000,0x00000000edcef7b8,0x00000000ee980000)
  to   space 77824K, 0% used [0x00000000e5800000,0x00000000e5800000,0x00000000ea400000)
 ParOldGen       total 133120K, used 117315K [0x0000000080000000, 0x0000000088200000, 0x00000000d5580000)
  object space 133120K, 88% used [0x0000000080000000,0x0000000087290d30,0x0000000088200000)
 Metaspace       used 108775K, capacity 115202K, committed 115328K, reserved 1146880K
  class space    used 15382K, capacity 17959K, committed 18048K, reserved 1048576K
}
Event: 559.880 GC heap before
{Heap before GC invocations=29 (full 7):
 PSYoungGen      total 335872K, used 58301K [0x00000000d5580000, 0x00000000ef680000, 0x0000000100000000)
  eden space 264704K, 0% used [0x00000000d5580000,0x00000000d5580000,0x00000000e5800000)
  from space 71168K, 81% used [0x00000000ea400000,0x00000000edcef7b8,0x00000000ee980000)
  to   space 77824K, 0% used [0x00000000e5800000,0x00000000e5800000,0x00000000ea400000)
 ParOldGen       total 133120K, used 117315K [0x0000000080000000, 0x0000000088200000, 0x00000000d5580000)
  object space 133120K, 88% used [0x0000000080000000,0x0000000087290d30,0x0000000088200000)
 Metaspace       used 108775K, capacity 115202K, committed 115328K, reserved 1146880K
  class space    used 15382K, capacity 17959K, committed 18048K, reserved 1048576K
Event: 560.563 GC heap after
Heap after GC invocations=29 (full 7):
 PSYoungGen      total 335872K, used 39558K [0x00000000d5580000, 0x00000000ef680000, 0x0000000100000000)
  eden space 264704K, 0% used [0x00000000d5580000,0x00000000d5580000,0x00000000e5800000)
  from space 71168K, 55% used [0x00000000ea400000,0x00000000ecaa1920,0x00000000ee980000)
  to   space 77824K, 0% used [0x00000000e5800000,0x00000000e5800000,0x00000000ea400000)
 ParOldGen       total 133120K, used 132871K [0x0000000080000000, 0x0000000088200000, 0x00000000d5580000)
  object space 133120K, 99% used [0x0000000080000000,0x00000000881c1cd0,0x0000000088200000)
 Metaspace       used 108775K, capacity 115202K, committed 115328K, reserved 1146880K
  class space    used 15382K, capacity 17959K, committed 18048K, reserved 1048576K
}
Event: 701.730 GC heap before
{Heap before GC invocations=30 (full 8):
 PSYoungGen      total 335872K, used 304262K [0x00000000d5580000, 0x00000000ef680000, 0x0000000100000000)
  eden space 264704K, 100% used [0x00000000d5580000,0x00000000e5800000,0x00000000e5800000)
  from space 71168K, 55% used [0x00000000ea400000,0x00000000ecaa1920,0x00000000ee980000)
  to   space 77824K, 0% used [0x00000000e5800000,0x00000000e5800000,0x00000000ea400000)
 ParOldGen       total 133120K, used 132871K [0x0000000080000000, 0x0000000088200000, 0x00000000d5580000)
  object space 133120K, 99% used [0x0000000080000000,0x00000000881c1cd0,0x0000000088200000)
 Metaspace       used 117229K, capacity 124180K, committed 124544K, reserved 1155072K
  class space    used 16629K, capacity 19473K, committed 19584K, reserved 1048576K

